{
  "RSpec": {
    "coverage": {
      "/home/saasbook/Documents/FTC-Leagues/app/controllers/application_controller.rb": [
        1,
        1,
        1,
        null,
        0,
        null,
        null
      ],
      "/home/saasbook/Documents/FTC-Leagues/app/helpers/application_helper.rb": [
        1,
        null
      ],
      "/home/saasbook/Documents/FTC-Leagues/app/helpers/teams_helper.rb": [
        1,
        null
      ],
      "/home/saasbook/Documents/FTC-Leagues/app/helpers/users_helper.rb": [
        1,
        null
      ],
      "/home/saasbook/Documents/FTC-Leagues/app/controllers/sessions_controller.rb": [
        1,
        1,
        null,
        1,
        null,
        null,
        null,
        1,
        0,
        0,
        0,
        0,
        0,
        null,
        0,
        0,
        0,
        null,
        0,
        0,
        0,
        null,
        null,
        0,
        0,
        null,
        null,
        null,
        null,
        1,
        0,
        0,
        null,
        null,
        null,
        null,
        null
      ],
      "/home/saasbook/Documents/FTC-Leagues/app/controllers/teams_controller.rb": [
        1,
        null,
        1,
        0,
        null,
        null,
        null,
        1,
        null,
        null,
        1,
        null,
        null,
        null,
        1,
        0,
        0,
        0,
        0,
        null,
        null,
        0,
        0,
        null,
        null,
        null,
        null,
        1,
        2,
        2,
        2,
        null,
        0,
        0,
        0,
        null,
        null,
        null,
        null,
        null
      ],
      "/home/saasbook/Documents/FTC-Leagues/app/models/team.rb": [
        1,
        null,
        1,
        null,
        null,
        1,
        0,
        0,
        0,
        0,
        null,
        null,
        null,
        1,
        null,
        0,
        null,
        null,
        null,
        null
      ],
      "/home/saasbook/Documents/FTC-Leagues/app/controllers/users_controller.rb": [
        1,
        null
      ],
      "/home/saasbook/Documents/FTC-Leagues/app/models/user.rb": [
        1,
        null,
        null
      ]
    },
    "timestamp": 1384144616
  }
}
