{
  "RSpec": {
    "coverage": {
      "/home/saasbook/Documents/FTCTODAY/app/controllers/application_controller.rb": [
        1,
        1,
        1,
        null,
        8,
        null,
        null
      ],
      "/home/saasbook/Documents/FTCTODAY/app/helpers/application_helper.rb": [
        1,
        null
      ],
      "/home/saasbook/Documents/FTCTODAY/app/helpers/leagues_helper.rb": [
        1,
        null
      ],
      "/home/saasbook/Documents/FTCTODAY/app/helpers/teams_helper.rb": [
        1,
        null
      ],
      "/home/saasbook/Documents/FTCTODAY/app/helpers/users_helper.rb": [
        1,
        null
      ],
      "/home/saasbook/Documents/FTCTODAY/app/controllers/leagues_controller.rb": [
        1,
        null,
        null,
        1,
        1,
        null,
        1,
        1,
        1,
        null,
        null,
        null,
        null,
        null,
        1,
        1,
        null,
        1,
        1,
        1,
        null,
        null,
        null,
        null,
        null,
        1,
        1,
        null,
        1,
        1,
        1,
        null,
        null,
        null,
        null,
        1,
        1,
        null,
        null,
        null,
        null,
        1,
        5,
        null,
        5,
        5,
        6,
        3,
        null,
        4,
        2,
        null,
        null,
        null,
        null,
        null,
        null,
        1,
        5,
        null,
        5,
        5,
        4,
        2,
        null,
        6,
        3,
        null,
        null,
        null,
        null,
        null,
        null,
        1,
        2,
        2,
        null,
        2,
        4,
        2,
        null,
        null,
        null
      ],
      "/home/saasbook/Documents/FTCTODAY/app/models/league.rb": [
        1,
        1,
        null,
        1,
        null,
        0,
        null,
        null,
        null,
        null
      ],
      "/home/saasbook/Documents/FTCTODAY/app/controllers/sessions_controller.rb": [
        1,
        1,
        null,
        1,
        null,
        null,
        null,
        1,
        0,
        0,
        0,
        0,
        0,
        0,
        0,
        0,
        null,
        0,
        null,
        null,
        null,
        null,
        0,
        0,
        null,
        null,
        null,
        0,
        0,
        null,
        null,
        null,
        1,
        0,
        0,
        null,
        null,
        null,
        null,
        null
      ],
      "/home/saasbook/Documents/FTCTODAY/app/controllers/teams_controller.rb": [
        1,
        1,
        null,
        null,
        null,
        1,
        0,
        null,
        1,
        null,
        null,
        1,
        null,
        null,
        1,
        null,
        null,
        null,
        1,
        5,
        5,
        5,
        0,
        0,
        null,
        null,
        5,
        5,
        null,
        null,
        null,
        1,
        0,
        0,
        0,
        0,
        0,
        null,
        0,
        0,
        0,
        0,
        0,
        0,
        0,
        0,
        0,
        0,
        0,
        0,
        0,
        0,
        0,
        0,
        0,
        0,
        0,
        0,
        null,
        null,
        null,
        0,
        null,
        null,
        null,
        null,
        null,
        null,
        0,
        0,
        null,
        null,
        1,
        0,
        0,
        0,
        null,
        0,
        null,
        null,
        null,
        1,
        2,
        2,
        2,
        null,
        0,
        0,
        0,
        0,
        0,
        null,
        null,
        0,
        0,
        0,
        null,
        0,
        0,
        null,
        null,
        null,
        null,
        1,
        0,
        0,
        0,
        0,
        null,
        null,
        null
      ],
      "/home/saasbook/Documents/FTCTODAY/app/models/team.rb": [
        1,
        null,
        null,
        null,
        null,
        1,
        null,
        1,
        1,
        1,
        1,
        1,
        1,
        1,
        1,
        1,
        null,
        null,
        1,
        0,
        0,
        0,
        null,
        0,
        0,
        null,
        0,
        null,
        null,
        null,
        1,
        5,
        5,
        null,
        0,
        null,
        5,
        null,
        null,
        1,
        5,
        5,
        5,
        5,
        null,
        null,
        null
      ],
      "/home/saasbook/Documents/FTCTODAY/app/controllers/users_controller.rb": [
        1,
        1,
        1,
        null,
        null,
        1,
        null,
        0,
        0,
        0,
        null,
        null,
        null,
        1,
        null,
        null
      ],
      "/home/saasbook/Documents/FTCTODAY/app/models/user.rb": [
        1,
        null,
        1,
        0,
        0,
        null,
        null,
        null
      ]
    },
    "timestamp": 1385163572
  }
}
